TN:
SF:script/SimpleDEX.s.sol
FN:8,SimpleDEXScript.setUp
FNDA:0,SimpleDEXScript.setUp
FN:10,SimpleDEXScript.run
FNDA:0,SimpleDEXScript.run
DA:11,0
DA:12,0
DA:13,0
DA:15,0
DA:18,0
DA:20,0
DA:21,0
DA:23,0
FNF:2
FNH:0
LF:8
LH:0
BRF:0
BRH:0
end_of_record
TN:
SF:src/SimpleDEX.sol
FN:82,SimpleDEX.deposit
FNDA:4,SimpleDEX.deposit
DA:83,4
BRDA:83,0,0,1
BRDA:83,0,1,3
DA:85,3
DA:86,3
DA:87,3
FN:90,SimpleDEX.withdraw
FNDA:3,SimpleDEX.withdraw
DA:91,3
BRDA:91,1,0,1
BRDA:91,1,1,2
DA:92,2
BRDA:92,2,0,1
BRDA:92,2,1,1
DA:93,1
DA:95,1
DA:96,1
DA:97,1
FN:100,SimpleDEX.addSupportedToken
FNDA:5,SimpleDEX.addSupportedToken
DA:101,5
DA:102,5
FN:105,SimpleDEX.matchOrders
FNDA:8,SimpleDEX.matchOrders
DA:117,7
DA:118,1
BRDA:116,3,0,1
BRDA:116,3,1,6
DA:119,1
DA:121,6
BRDA:121,4,0,1
BRDA:121,4,1,5
DA:122,1
DA:124,5
BRDA:124,5,0,1
BRDA:124,5,1,4
DA:125,1
DA:127,4
BRDA:127,6,0,-
BRDA:127,6,1,4
DA:128,0
DA:130,4
BRDA:130,7,0,-
BRDA:130,7,1,4
DA:131,0
DA:133,4
BRDA:133,8,0,-
BRDA:133,8,1,4
DA:134,0
DA:136,4
DA:139,4
DA:140,4
DA:141,4
DA:144,4
DA:146,4
DA:148,4
DA:150,4
DA:152,4
DA:162,4
DA:163,4
FN:167,SimpleDEX._min
FNDA:8,SimpleDEX._min
DA:168,8
FN:172,SimpleDEX.verifySignature
FNDA:1,SimpleDEX.verifySignature
DA:176,9
DA:178,9
BRDA:178,9,0,-
BRDA:178,9,1,9
DA:179,9
DA:181,9
DA:183,9
FN:186,SimpleDEX.getOrderHash
FNDA:16,SimpleDEX.getOrderHash
DA:187,25
DA:188,25
FN:191,SimpleDEX.domainSeparator
FNDA:0,SimpleDEX.domainSeparator
DA:192,25
DA:193,25
FN:204,SimpleDEX._encodeOrderData
FNDA:25,SimpleDEX._encodeOrderData
DA:207,25
DA:221,25
DA:222,25
FNF:9
FNH:8
LF:49
LH:46
BRF:20
BRH:16
end_of_record
TN:
SF:test/helper/MockERC20.sol
FN:12,MockERC20.mint
FNDA:0,MockERC20.mint
DA:13,0
FNF:1
FNH:0
LF:1
LH:0
BRF:0
BRH:0
end_of_record
TN:
SF:test/helper/MockERC20Decimal6.sol
FN:12,MockERC20Decimal6.mint
FNDA:0,MockERC20Decimal6.mint
DA:13,0
FN:16,MockERC20Decimal6.decimals
FNDA:0,MockERC20Decimal6.decimals
DA:17,0
FNF:2
FNH:0
LF:2
LH:0
BRF:0
BRH:0
end_of_record
